open source     > 1 > 1 > /usr/local/texlive/2015/texmf-dist/tex/context/base/cont-yes.mkiv

ConTeXt  ver: 2015.05.18 12:26 MKIV current  fmt: 2015.12.7  int: english/english

system          > 'cont-new.mkiv' loaded
open source     > 2 > 2 > /usr/local/texlive/2015/texmf-dist/tex/context/base/cont-new.mkiv
close source    > 2 > 2 > /usr/local/texlive/2015/texmf-dist/tex/context/base/cont-new.mkiv
system          > files > jobname 'resume', input './resume', result 'resume'
fonts           > latin modern fonts are not preloaded
languages       > language 'en' is active
open source     > 2 > 3 > /Users/Edu/dev/edublancas.github.io/resume/resume.tex
colors          > defining > unknown library 'hex'
open source     > 3 > 4 > /usr/local/texlive/2015/texmf-dist/tex/context/base/type-imp-texgyre.mkiv
close source    > 3 > 4 > /usr/local/texlive/2015/texmf-dist/tex/context/base/type-imp-texgyre.mkiv
structure       > sectioning > section @ level 3 : 0.0.1 -> Eduardo Blancas Reyes
floatblocks     > '1' placed
structure       > sectioning > subsection @ level 4 : 0.0.1.1 -> Education
structure       > sectioning > subsection @ level 4 : 0.0.1.2 -> Professional Experience
structure       > sectioning > subsection @ level 4 : 0.0.1.3 -> Publications
structure       > sectioning > subsection @ level 4 : 0.0.1.4 -> Skills
backend         > xmp > using file '/usr/local/texlive/2015/texmf-dist/tex/context/base/lpdf-pdx.xml'
pages           > flushing realpage 1, userpage 1
close source    > 2 > 4 > /Users/Edu/dev/edublancas.github.io/resume/resume.tex
close source    > 1 > 4 > /usr/local/texlive/2015/texmf-dist/tex/context/base/cont-yes.mkiv

system          > structure > start used structure

used structure  > text: resume

system          > structure > stop used structure


system          > files > start used files

used file       >    1: filename=cont-yes.mkiv filetype=tex foundname=/usr/local/texlive/2015/texmf-dist/tex/context/base/cont-yes.mkiv usedmethod=database
used file       >    2: filename=publ-imp-default.lua filetype=scripts foundname=/usr/local/texlive/2015/texmf-dist/tex/context/base/publ-imp-default.lua usedmethod=database
used file       >    3: filename=cont-new.mkiv filetype=tex foundname=/usr/local/texlive/2015/texmf-dist/tex/context/base/cont-new.mkiv usedmethod=database
used file       >    4: filename=lang-us.lua filetype=scripts foundname=/usr/local/texlive/2015/texmf-dist/tex/context/patterns/lang-us.lua usedmethod=database
used file       >    5: filename=/Users/Edu/dev/edublancas.github.io/resume/resume.tex foundname=/Users/Edu/dev/edublancas.github.io/resume/resume.tex usedmethod=direct
used file       >    6: filename=type-imp-texgyre.mkiv filetype=tex foundname=/usr/local/texlive/2015/texmf-dist/tex/context/base/type-imp-texgyre.mkiv usedmethod=database
used file       >    7: filename=lm.lfg filetype=tex foundname=/usr/local/texlive/2015/texmf-dist/tex/context/fonts/lm.lfg usedmethod=database
used file       >    8: filename=texgyreheros-regular filetype=otf format=otf foundname=/usr/local/texlive/2015/texmf-dist/fonts/opentype/public/tex-gyre/texgyreheros-regular.otf usedmethod=database
used file       >    9: filename=latinmodern-math.otf filetype=opentypefonts foundname=/usr/local/texlive/2015/texmf-dist/fonts/opentype/public/lm-math/latinmodern-math.otf usedmethod=database
used file       >   10: filename=texgyreheros-bold filetype=otf format=otf foundname=/usr/local/texlive/2015/texmf-dist/fonts/opentype/public/tex-gyre/texgyreheros-bold.otf usedmethod=database
used file       >   11: filename=texgyreheros-italic filetype=otf format=otf foundname=/usr/local/texlive/2015/texmf-dist/fonts/opentype/public/tex-gyre/texgyreheros-italic.otf usedmethod=database
used file       >   12: filename=lpdf-pdx.xml filetype=tex foundname=/usr/local/texlive/2015/texmf-dist/tex/context/base/lpdf-pdx.xml usedmethod=database

system          > files > stop used files


system          > options > start commandline options

used option     > currentrun="2"
used option     > fulljobname="./resume.tex"
used option     > input="./resume.tex"
used option     > kindofrun="2"
used option     > maxnofruns="9"
used option     > no-parse-first-line="true"

system          > options > stop commandline options

system          > options > start commandline files

used file       >    1: ./resume.tex

system          > options > stop commandline files


mkiv lua stats  > used config file: selfautoparent:/texmfcnf.lua;selfautoparent:/texmf-dist/web2c/texmfcnf.lua
mkiv lua stats  > used cache path: /usr/local/texlive/2015/texmf-var/luatex-cache/context/a86c089b384a3076dc514ba966a1fac9
mkiv lua stats  > resource resolver: loadtime 0.109 seconds, 0 scans with scantime 0.000 seconds, 0 shared scans, 12 found files, scanned paths: <none>
mkiv lua stats  > stored bytecode data: 371 modules (0.321 sec), 78 tables (0.009 sec), 449 chunks (0.330 sec)
mkiv lua stats  > traced context: maxstack: 1139, freed: 7, unreachable: 1132
mkiv lua stats  > running in nuts mode: yes
mkiv lua stats  > cleaned up reserved nodes: 53 nodes, 439 lists of 438
mkiv lua stats  > node memory usage: 2 glue, 2 penalty, 12 attribute, 35 glue_spec, 3 attribute_list, 2 temp
mkiv lua stats  > node list callback tasks: 6 unique task lists, 7 instances (re)created, 284 calls
mkiv lua stats  > h-node processing time: 0.012 seconds including kernel
mkiv lua stats  > used backend: pdf (backend for directly generating pdf output)
mkiv lua stats  > loaded patterns: en::2, load time: 0.000
mkiv lua stats  > jobdata time: 0.002 seconds saving, 0.001 seconds loading
mkiv lua stats  > callbacks: 594 direct, 735 indirect, 1329 total
mkiv lua stats  > randomizer: resumed with value 0.64786618093395
mkiv lua stats  > interactive elements: 2 references, 5 destinations
mkiv lua stats  > result saved in file: resume.pdf, compresslevel 3, objectcompresslevel 3
mkiv lua stats  > loaded fonts: 4 files: latinmodern-math.otf, texgyreheros-bold.otf, texgyreheros-italic.otf, texgyreheros-regular.otf
mkiv lua stats  > fonts load time: 0.195 seconds for 10 fonts, 4 shared in backend, 0 common vectors, 4 common hashes
mkiv lua stats  > pdf annotations: 2 links (2 unique), 0 special
mkiv lua stats  > used platform: osx-64, type: unix, binary subtree: bin
mkiv lua stats  > luatex banner: this is luatex, version beta-0.80.0 (tex live 2015) (rev 5238)
mkiv lua stats  > control sequences: 43426 of 65536 + 100000
mkiv lua stats  > lua properties: engine: lua, used memory: 76 MB (ctx: 75 MB), hash type: lua, hash chars: min(64,40), symbol mask: utf (τεχ)
mkiv lua stats  > runtime: 0.762 seconds, 1 processed pages, 1 shipped pages, 1.312 pages/second

